<?xml version="1.0" encoding="UTF-8"?>
<!-- Generated by org.testng.reporters.JUnitXMLReporter -->
<testsuite ignored="20" hostname="DESKTOP-DHSI56N" failures="0" tests="20" name="Test" time="682.383" errors="0" timestamp="2026-02-24T00:10:44 IST">
  <testcase classname="Campaign.CampaignTest" name="toCreateCampaignWithExpectedDateTest" time="13.565"/>
  <testcase classname="Contacts.ContactCreation" name="fillCreateContactDetails" time="17.853"/>
  <testcase classname="Leads.LeadsCreation" name="fillCreateContactDetails" time="28.875"/>
  <testcase classname="opportunities.OpportunitiesTest" name="OpportunitiesFillDetails" time="19.861"/>
  <testcase classname="products.ProductsTest" name="productFillDetails" time="13.183"/>
  <testcase classname="quotes.QuotesTest" name="quoteFillDetails" time="20.932"/>
  <testcase classname="purchaseOrder.PurchaseOrderTest" name="PurchaseOrderFillDetails" time="29.091"/>
  <testcase classname="salesOrder.SalesOrderTest" name="SalesOrderFillDetails" time="94.819"/>
  <testcase classname="Invoice.InvoiceTest" name="PurchaseOrderFillDetails" time="20.914"/>
  <testcase classname="adminConsole.AdminConsoleTest" name="createUser" time="5.882"/>
  <testcase classname="adminConsole.AdminConsoleTest" name="deleteUser" time="13.548"/>
  <testcase classname="Invoice.InvoiceTest" name="InvoiceOrderDelete" time="13.417"/>
  <testcase classname="salesOrder.SalesOrderTest" name="SalesOrderDelete" time="19.362"/>
  <testcase classname="purchaseOrder.PurchaseOrderTest" name="PurchaseOrderDelete" time="19.467"/>
  <testcase classname="quotes.QuotesTest" name="QuoteDelete" time="19.477"/>
  <testcase classname="products.ProductsTest" name="productDelete" time="10.609"/>
  <testcase classname="opportunities.OpportunitiesTest" name="OpportunitiesDelete" time="19.48"/>
  <testcase classname="Leads.LeadsCreation" name="deleteLeads" time="11.316"/>
  <testcase classname="Contacts.ContactCreation" name="deleteContact" time="11.286"/>
  <testcase classname="DeleteCamapaignModule.DeteleCampaignTc002" name="campaignDelete" time="19.462"/>
  <testcase classname="BaseTest.BaseClass" name="@BeforeSuite beforeSuite" time="0.0">
    <ignored/>
  </testcase> <!-- @BeforeSuite beforeSuite -->
  <testcase classname="BaseTest.BaseClass" name="@BeforeSuite beforeSuite" time="0.0">
    <ignored/>
  </testcase> <!-- @BeforeSuite beforeSuite -->
  <testcase classname="BaseTest.BaseClass" name="@BeforeSuite beforeSuite" time="0.0">
    <ignored/>
  </testcase> <!-- @BeforeSuite beforeSuite -->
  <testcase classname="BaseTest.BaseClass" name="@BeforeSuite beforeSuite" time="0.0">
    <ignored/>
  </testcase> <!-- @BeforeSuite beforeSuite -->
  <testcase classname="BaseTest.BaseClass" name="@AfterSuite afterSuite" time="0.0">
    <ignored/>
  </testcase> <!-- @AfterSuite afterSuite -->
  <testcase classname="BaseTest.BaseClass" name="@BeforeSuite beforeSuite" time="0.0">
    <ignored/>
  </testcase> <!-- @BeforeSuite beforeSuite -->
  <testcase classname="BaseTest.BaseClass" name="@BeforeSuite beforeSuite" time="0.0">
    <ignored/>
  </testcase> <!-- @BeforeSuite beforeSuite -->
  <testcase classname="BaseTest.BaseClass" name="@AfterSuite afterSuite" time="0.0">
    <ignored/>
  </testcase> <!-- @AfterSuite afterSuite -->
  <testcase classname="BaseTest.BaseClass" name="@AfterSuite afterSuite" time="0.0">
    <ignored/>
  </testcase> <!-- @AfterSuite afterSuite -->
  <testcase classname="BaseTest.BaseClass" name="@BeforeSuite beforeSuite" time="0.0">
    <ignored/>
  </testcase> <!-- @BeforeSuite beforeSuite -->
  <testcase classname="BaseTest.BaseClass" name="@AfterSuite afterSuite" time="0.0">
    <ignored/>
  </testcase> <!-- @AfterSuite afterSuite -->
  <testcase classname="BaseTest.BaseClass" name="@AfterSuite afterSuite" time="0.0">
    <ignored/>
  </testcase> <!-- @AfterSuite afterSuite -->
  <testcase classname="BaseTest.BaseClass" name="@AfterSuite afterSuite" time="0.0">
    <ignored/>
  </testcase> <!-- @AfterSuite afterSuite -->
  <testcase classname="BaseTest.BaseClass" name="@BeforeSuite beforeSuite" time="0.0">
    <ignored/>
  </testcase> <!-- @BeforeSuite beforeSuite -->
  <testcase classname="BaseTest.BaseClass" name="@AfterSuite afterSuite" time="0.0">
    <ignored/>
  </testcase> <!-- @AfterSuite afterSuite -->
  <testcase classname="BaseTest.BaseClass" name="@BeforeSuite beforeSuite" time="0.0">
    <ignored/>
  </testcase> <!-- @BeforeSuite beforeSuite -->
  <testcase classname="BaseTest.BaseClass" name="@BeforeSuite beforeSuite" time="0.0">
    <ignored/>
  </testcase> <!-- @BeforeSuite beforeSuite -->
  <testcase classname="BaseTest.BaseClass" name="@AfterSuite afterSuite" time="0.0">
    <ignored/>
  </testcase> <!-- @AfterSuite afterSuite -->
  <testcase classname="BaseTest.BaseClass" name="@AfterSuite afterSuite" time="0.0">
    <ignored/>
  </testcase> <!-- @AfterSuite afterSuite -->
  <testcase classname="BaseTest.BaseClass" name="@AfterSuite afterSuite" time="0.0">
    <ignored/>
  </testcase> <!-- @AfterSuite afterSuite -->
</testsuite> <!-- Test -->
