<?xml version="1.0" encoding="UTF-8"?>
<!-- Generated by org.testng.reporters.JUnitXMLReporter -->
<testsuite ignored="20" hostname="DESKTOP-DHSI56N" failures="0" tests="20" name="Test" time="676.575" errors="0" timestamp="2026-02-19T00:08:39 IST">
  <testcase classname="BaseTest.BaseClass" name="@AfterMethod logout" time="1.129">
    <failure type="org.openqa.selenium.ElementClickInterceptedException" message="element click intercepted: Element &amp;lt;div class=&amp;quot;user-icon&amp;quot; style=&amp;quot;border: 1px solid white; background-color: rgb(115, 61, 94);&amp;quot;&amp;gt;...&amp;lt;/div&amp;gt; is not clickable at point (1440, 35). Other element would receive the click: &amp;lt;div role=&amp;quot;alert&amp;quot; class=&amp;quot;Toastify__toast-body&amp;quot;&amp;gt;...&amp;lt;/div&amp;gt;
  (Session info: MicrosoftEdge=145.0.3800.58)
Build info: version: &amp;apos;4.40.0&amp;apos;, revision: &amp;apos;b3333f1&amp;apos;
System info: os.name: &amp;apos;Windows 10&amp;apos;, os.arch: &amp;apos;amd64&amp;apos;, os.version: &amp;apos;10.0&amp;apos;, java.version: &amp;apos;23.0.2&amp;apos;
Driver info: org.openqa.selenium.edge.EdgeDriver
Command: [47ca8c94603b305c8781241ea1961bb0, clickElement {id=f.2D6D69F4A744166FD96447D2BA70F8E5.d.5E69096AB2C163009909F384A3A38C38.e.181}]
Capabilities {acceptInsecureCerts: false, browserName: MicrosoftEdge, browserVersion: 145.0.3800.58, fedcm:accounts: true, goog:processID: 8728, ms:edgeOptions: {debuggerAddress: localhost:62411}, msedge: {msedgedriverVersion: 145.0.3800.58 (64ad1900648f..., userDataDir: C:\Users\user\AppData\Local...}, networkConnectionEnabled: false, pageLoadStrategy: normal, platformName: windows, proxy: Proxy(), se:cdp: ws://localhost:62411/devtoo..., se:cdpVersion: 145.0.3800.58, setWindowRect: true, strictFileInteractability: false, timeouts: {implicit: 0, pageLoad: 300000, script: 30000}, unhandledPromptBehavior: dismiss and notify, webauthn:extension:credBlob: true, webauthn:extension:largeBlob: true, webauthn:extension:minPinLength: true, webauthn:extension:prf: true, webauthn:virtualAuthenticators: true}
Element: [[EdgeDriver: MicrosoftEdge on windows (47ca8c94603b305c8781241ea1961bb0)] -&amp;gt; class name: user-icon]
Session ID: 47ca8c94603b305c8781241ea1961bb0">
      <![CDATA[org.openqa.selenium.ElementClickInterceptedException: element click intercepted: Element <div class="user-icon" style="border: 1px solid white; background-color: rgb(115, 61, 94);">...</div> is not clickable at point (1440, 35). Other element would receive the click: <div role="alert" class="Toastify__toast-body">...</div>
  (Session info: MicrosoftEdge=145.0.3800.58)
Build info: version: '4.40.0', revision: 'b3333f1'
System info: os.name: 'Windows 10', os.arch: 'amd64', os.version: '10.0', java.version: '23.0.2'
Driver info: org.openqa.selenium.edge.EdgeDriver
Command: [47ca8c94603b305c8781241ea1961bb0, clickElement {id=f.2D6D69F4A744166FD96447D2BA70F8E5.d.5E69096AB2C163009909F384A3A38C38.e.181}]
Capabilities {acceptInsecureCerts: false, browserName: MicrosoftEdge, browserVersion: 145.0.3800.58, fedcm:accounts: true, goog:processID: 8728, ms:edgeOptions: {debuggerAddress: localhost:62411}, msedge: {msedgedriverVersion: 145.0.3800.58 (64ad1900648f..., userDataDir: C:\Users\user\AppData\Local...}, networkConnectionEnabled: false, pageLoadStrategy: normal, platformName: windows, proxy: Proxy(), se:cdp: ws://localhost:62411/devtoo..., se:cdpVersion: 145.0.3800.58, setWindowRect: true, strictFileInteractability: false, timeouts: {implicit: 0, pageLoad: 300000, script: 30000}, unhandledPromptBehavior: dismiss and notify, webauthn:extension:credBlob: true, webauthn:extension:largeBlob: true, webauthn:extension:minPinLength: true, webauthn:extension:prf: true, webauthn:virtualAuthenticators: true}
Element: [[EdgeDriver: MicrosoftEdge on windows (47ca8c94603b305c8781241ea1961bb0)] -> class name: user-icon]
Session ID: 47ca8c94603b305c8781241ea1961bb0
at org.openqa.selenium.remote.ErrorCodec.decode(ErrorCodec.java:169)
at org.openqa.selenium.remote.codec.w3c.W3CHttpResponseCodec.decode(W3CHttpResponseCodec.java:142)
at org.openqa.selenium.remote.codec.w3c.W3CHttpResponseCodec.decode(W3CHttpResponseCodec.java:49)
at org.openqa.selenium.remote.HttpCommandExecutor.execute(HttpCommandExecutor.java:223)
at org.openqa.selenium.remote.service.DriverCommandExecutor.invokeExecute(DriverCommandExecutor.java:216)
at org.openqa.selenium.remote.service.DriverCommandExecutor.execute(DriverCommandExecutor.java:174)
at org.openqa.selenium.remote.RemoteWebDriver.execute(RemoteWebDriver.java:601)
at org.openqa.selenium.remote.RemoteWebElement.execute(RemoteWebElement.java:223)
at org.openqa.selenium.remote.RemoteWebElement.click(RemoteWebElement.java:76)
at org.openqa.selenium.support.pagefactory.internal.LocatingElementHandler.invoke(LocatingElementHandler.java:51)
at jdk.proxy2/jdk.proxy2.$Proxy14.click(Unknown Source)
at BaseTest.BaseClass.logout(BaseClass.java:153)
at java.base/java.util.ArrayList.forEach(ArrayList.java:1597)
... Removed 32 stack frames]]>
    </failure>
  </testcase> <!-- @AfterMethod logout -->
  <testcase classname="Campaign.CampaignTest" name="toCreateCampaignWithExpectedDateTest" time="7.975"/>
  <testcase classname="Contacts.ContactCreation" name="fillCreateContactDetails" time="18.626"/>
  <testcase classname="Leads.LeadsCreation" name="fillCreateContactDetails" time="29.0"/>
  <testcase classname="opportunities.OpportunitiesTest" name="OpportunitiesFillDetails" time="29.659"/>
  <testcase classname="products.ProductsTest" name="productFillDetails" time="13.087"/>
  <testcase classname="quotes.QuotesTest" name="quoteFillDetails" time="20.56"/>
  <testcase classname="purchaseOrder.PurchaseOrderTest" name="PurchaseOrderFillDetails" time="28.848"/>
  <testcase classname="salesOrder.SalesOrderTest" name="SalesOrderFillDetails" time="94.539"/>
  <testcase classname="Invoice.InvoiceTest" name="PurchaseOrderFillDetails" time="20.525"/>
  <testcase classname="adminConsole.AdminConsoleTest" name="createUser" time="5.89"/>
  <testcase classname="adminConsole.AdminConsoleTest" name="deleteUser" time="13.432"/>
  <testcase classname="Invoice.InvoiceTest" name="InvoiceOrderDelete" time="13.277"/>
  <testcase classname="salesOrder.SalesOrderTest" name="SalesOrderDelete" time="19.464"/>
  <testcase classname="purchaseOrder.PurchaseOrderTest" name="PurchaseOrderDelete" time="19.3"/>
  <testcase classname="quotes.QuotesTest" name="QuoteDelete" time="19.266"/>
  <testcase classname="products.ProductsTest" name="productDelete" time="10.385"/>
  <testcase classname="opportunities.OpportunitiesTest" name="OpportunitiesDelete" time="19.224"/>
  <testcase classname="Leads.LeadsCreation" name="deleteLeads" time="11.314"/>
  <testcase classname="Contacts.ContactCreation" name="deleteContact" time="11.362"/>
  <testcase classname="DeleteCamapaignModule.DeteleCampaignTc002" name="deleteCampaign" time="7.892"/>
  <testcase classname="BaseTest.BaseClass" name="@BeforeSuite beforeSuite" time="0.0">
    <ignored/>
  </testcase> <!-- @BeforeSuite beforeSuite -->
  <testcase classname="BaseTest.BaseClass" name="@AfterSuite afterSuite" time="0.0">
    <ignored/>
  </testcase> <!-- @AfterSuite afterSuite -->
  <testcase classname="BaseTest.BaseClass" name="@BeforeSuite beforeSuite" time="0.0">
    <ignored/>
  </testcase> <!-- @BeforeSuite beforeSuite -->
  <testcase classname="BaseTest.BaseClass" name="@AfterSuite afterSuite" time="0.0">
    <ignored/>
  </testcase> <!-- @AfterSuite afterSuite -->
  <testcase classname="BaseTest.BaseClass" name="@AfterSuite afterSuite" time="0.0">
    <ignored/>
  </testcase> <!-- @AfterSuite afterSuite -->
  <testcase classname="BaseTest.BaseClass" name="@BeforeSuite beforeSuite" time="0.0">
    <ignored/>
  </testcase> <!-- @BeforeSuite beforeSuite -->
  <testcase classname="BaseTest.BaseClass" name="@BeforeSuite beforeSuite" time="0.0">
    <ignored/>
  </testcase> <!-- @BeforeSuite beforeSuite -->
  <testcase classname="BaseTest.BaseClass" name="@AfterSuite afterSuite" time="0.0">
    <ignored/>
  </testcase> <!-- @AfterSuite afterSuite -->
  <testcase classname="BaseTest.BaseClass" name="@AfterSuite afterSuite" time="0.0">
    <ignored/>
  </testcase> <!-- @AfterSuite afterSuite -->
  <testcase classname="BaseTest.BaseClass" name="@BeforeSuite beforeSuite" time="0.0">
    <ignored/>
  </testcase> <!-- @BeforeSuite beforeSuite -->
  <testcase classname="BaseTest.BaseClass" name="@BeforeSuite beforeSuite" time="0.0">
    <ignored/>
  </testcase> <!-- @BeforeSuite beforeSuite -->
  <testcase classname="BaseTest.BaseClass" name="@AfterSuite afterSuite" time="0.0">
    <ignored/>
  </testcase> <!-- @AfterSuite afterSuite -->
  <testcase classname="BaseTest.BaseClass" name="@BeforeSuite beforeSuite" time="0.0">
    <ignored/>
  </testcase> <!-- @BeforeSuite beforeSuite -->
  <testcase classname="BaseTest.BaseClass" name="@BeforeSuite beforeSuite" time="0.0">
    <ignored/>
  </testcase> <!-- @BeforeSuite beforeSuite -->
  <testcase classname="BaseTest.BaseClass" name="@AfterSuite afterSuite" time="0.0">
    <ignored/>
  </testcase> <!-- @AfterSuite afterSuite -->
  <testcase classname="BaseTest.BaseClass" name="@AfterSuite afterSuite" time="0.0">
    <ignored/>
  </testcase> <!-- @AfterSuite afterSuite -->
  <testcase classname="BaseTest.BaseClass" name="@BeforeSuite beforeSuite" time="0.0">
    <ignored/>
  </testcase> <!-- @BeforeSuite beforeSuite -->
  <testcase classname="BaseTest.BaseClass" name="@AfterSuite afterSuite" time="0.0">
    <ignored/>
  </testcase> <!-- @AfterSuite afterSuite -->
  <testcase classname="BaseTest.BaseClass" name="@AfterSuite afterSuite" time="0.0">
    <ignored/>
  </testcase> <!-- @AfterSuite afterSuite -->
  <testcase classname="BaseTest.BaseClass" name="@BeforeSuite beforeSuite" time="0.0">
    <ignored/>
  </testcase> <!-- @BeforeSuite beforeSuite -->
</testsuite> <!-- Test -->
