<?xml version="1.0" encoding="UTF-8"?>
<!-- Generated by org.testng.reporters.JUnitXMLReporter -->
<testsuite ignored="20" hostname="DESKTOP-DHSI56N" failures="0" tests="20" name="Test" time="671.72" errors="0" timestamp="2026-02-26T01:29:33 IST">
  <testcase classname="Campaign.CampaignTest" name="toCreateCampaignWithExpectedDateTest" time="6.327"/>
  <testcase classname="Contacts.ContactCreation" name="fillCreateContactDetails" time="18.972"/>
  <testcase classname="Leads.LeadsCreation" name="fillCreateContactDetails" time="29.078"/>
  <testcase classname="opportunities.OpportunitiesTest" name="OpportunitiesFillDetails" time="19.727"/>
  <testcase classname="products.ProductsTest" name="productFillDetails" time="13.082"/>
  <testcase classname="quotes.QuotesTest" name="quoteFillDetails" time="20.856"/>
  <testcase classname="purchaseOrder.PurchaseOrderTest" name="PurchaseOrderFillDetails" time="29.342"/>
  <testcase classname="salesOrder.SalesOrderTest" name="SalesOrderFillDetails" time="95.26"/>
  <testcase classname="Invoice.InvoiceTest" name="PurchaseOrderFillDetails" time="20.513"/>
  <testcase classname="adminConsole.AdminConsoleTest" name="createUser" time="5.848"/>
  <testcase classname="adminConsole.AdminConsoleTest" name="deleteUser" time="13.468"/>
  <testcase classname="Invoice.InvoiceTest" name="InvoiceOrderDelete" time="13.352"/>
  <testcase classname="salesOrder.SalesOrderTest" name="SalesOrderDelete" time="19.304"/>
  <testcase classname="purchaseOrder.PurchaseOrderTest" name="PurchaseOrderDelete" time="19.195"/>
  <testcase classname="quotes.QuotesTest" name="QuoteDelete" time="19.48"/>
  <testcase classname="products.ProductsTest" name="productDelete" time="10.431"/>
  <testcase classname="opportunities.OpportunitiesTest" name="OpportunitiesDelete" time="19.293"/>
  <testcase classname="Leads.LeadsCreation" name="deleteLeads" time="11.28"/>
  <testcase classname="Contacts.ContactCreation" name="deleteContact" time="11.257"/>
  <testcase classname="DeleteCamapaignModule.DeteleCampaignTc002" name="campaignDelete" time="19.395"/>
  <testcase classname="BaseTest.BaseClass" name="@BeforeSuite beforeSuite" time="0.0">
    <ignored/>
  </testcase> <!-- @BeforeSuite beforeSuite -->
  <testcase classname="BaseTest.BaseClass" name="@AfterSuite afterSuite" time="0.0">
    <ignored/>
  </testcase> <!-- @AfterSuite afterSuite -->
  <testcase classname="BaseTest.BaseClass" name="@AfterSuite afterSuite" time="0.0">
    <ignored/>
  </testcase> <!-- @AfterSuite afterSuite -->
  <testcase classname="BaseTest.BaseClass" name="@AfterSuite afterSuite" time="0.0">
    <ignored/>
  </testcase> <!-- @AfterSuite afterSuite -->
  <testcase classname="BaseTest.BaseClass" name="@AfterSuite afterSuite" time="0.0">
    <ignored/>
  </testcase> <!-- @AfterSuite afterSuite -->
  <testcase classname="BaseTest.BaseClass" name="@BeforeSuite beforeSuite" time="0.0">
    <ignored/>
  </testcase> <!-- @BeforeSuite beforeSuite -->
  <testcase classname="BaseTest.BaseClass" name="@BeforeSuite beforeSuite" time="0.0">
    <ignored/>
  </testcase> <!-- @BeforeSuite beforeSuite -->
  <testcase classname="BaseTest.BaseClass" name="@BeforeSuite beforeSuite" time="0.0">
    <ignored/>
  </testcase> <!-- @BeforeSuite beforeSuite -->
  <testcase classname="BaseTest.BaseClass" name="@AfterSuite afterSuite" time="0.0">
    <ignored/>
  </testcase> <!-- @AfterSuite afterSuite -->
  <testcase classname="BaseTest.BaseClass" name="@AfterSuite afterSuite" time="0.0">
    <ignored/>
  </testcase> <!-- @AfterSuite afterSuite -->
  <testcase classname="BaseTest.BaseClass" name="@AfterSuite afterSuite" time="0.0">
    <ignored/>
  </testcase> <!-- @AfterSuite afterSuite -->
  <testcase classname="BaseTest.BaseClass" name="@AfterSuite afterSuite" time="0.0">
    <ignored/>
  </testcase> <!-- @AfterSuite afterSuite -->
  <testcase classname="BaseTest.BaseClass" name="@BeforeSuite beforeSuite" time="0.0">
    <ignored/>
  </testcase> <!-- @BeforeSuite beforeSuite -->
  <testcase classname="BaseTest.BaseClass" name="@BeforeSuite beforeSuite" time="0.0">
    <ignored/>
  </testcase> <!-- @BeforeSuite beforeSuite -->
  <testcase classname="BaseTest.BaseClass" name="@BeforeSuite beforeSuite" time="0.0">
    <ignored/>
  </testcase> <!-- @BeforeSuite beforeSuite -->
  <testcase classname="BaseTest.BaseClass" name="@BeforeSuite beforeSuite" time="0.0">
    <ignored/>
  </testcase> <!-- @BeforeSuite beforeSuite -->
  <testcase classname="BaseTest.BaseClass" name="@AfterSuite afterSuite" time="0.0">
    <ignored/>
  </testcase> <!-- @AfterSuite afterSuite -->
  <testcase classname="BaseTest.BaseClass" name="@BeforeSuite beforeSuite" time="0.0">
    <ignored/>
  </testcase> <!-- @BeforeSuite beforeSuite -->
  <testcase classname="BaseTest.BaseClass" name="@BeforeSuite beforeSuite" time="0.0">
    <ignored/>
  </testcase> <!-- @BeforeSuite beforeSuite -->
  <testcase classname="BaseTest.BaseClass" name="@AfterSuite afterSuite" time="0.0">
    <ignored/>
  </testcase> <!-- @AfterSuite afterSuite -->
</testsuite> <!-- Test -->
