<?xml version="1.0" encoding="UTF-8"?>
<!-- Generated by org.testng.reporters.JUnitReportReporter -->
<testsuite hostname="DESKTOP-DHSI56N" failures="0" tests="2" name="purchaseOrder.PurchaseOrderTest" time="71.369" errors="0" timestamp="2026-02-24T00:10:45 IST" skipped="0">
  <testcase classname="purchaseOrder.PurchaseOrderTest" name="PurchaseOrderFillDetails" time="40.413">
    <system-out>
      <![CDATA[==execution Stearted ==PurchaseOrderFillDetails]]>
    </system-out>
  </testcase> <!-- PurchaseOrderFillDetails -->
  <testcase classname="purchaseOrder.PurchaseOrderTest" name="PurchaseOrderDelete" time="30.956">
    <system-out>
      <![CDATA[==execution Stearted ==PurchaseOrderDelete
knnada Purchase-Order Successfully Deleted]]>
    </system-out>
  </testcase> <!-- PurchaseOrderDelete -->
  <system-out>
    <![CDATA[Report Config
==execution Stearted ==toCreateCampaignWithExpectedDateTest
test is executed
readdata executedSSharathTestCampaign
readdata executedSSharathTestCampaign
truetrue
truetrue
==execution Stearted ==fillCreateContactDetails
verified = Contacts
==execution Stearted ==fillCreateContactDetails
verified = Leads
==execution Stearted ==OpportunitiesFillDetails
==execution Stearted ==productFillDetails
==execution Stearted ==quoteFillDetails
==execution Stearted ==PurchaseOrderFillDetails
==execution Stearted ==SalesOrderFillDetails
==execution Stearted ==PurchaseOrderFillDetails
==execution Stearted ==createUser
==execution Stearted ==deleteUser
Sharathsdd User Successfully Deleted
==execution Stearted ==InvoiceOrderDelete
knnada Invoice Successfully Deleted
==execution Stearted ==SalesOrderDelete
knnada Sales-Order Successfully Deleted
==execution Stearted ==PurchaseOrderDelete
knnada Purchase-Order Successfully Deleted
==execution Stearted ==QuoteDelete
Knnada Quote Successfully Deleted
==execution Stearted ==productDelete
Selenium Product Successfully Deleted
==execution Stearted ==OpportunitiesDelete
JobSearch Opportunity Successfully Deleted
==execution Stearted ==deleteLeads
Sharath Lead Successfully Deleted
==execution Stearted ==deleteContact
SanuUU Contact Successfully Deleted
==execution Stearted ==campaignDelete
SSharathTestCampaign Campaign Successfully Deleted]]>
  </system-out>
</testsuite> <!-- purchaseOrder.PurchaseOrderTest -->
