<?xml version="1.0" encoding="UTF-8"?>
<!-- Generated by org.testng.reporters.JUnitReportReporter -->
<testsuite hostname="DESKTOP-DHSI56N" failures="0" tests="2" name="opportunities.OpportunitiesTest" time="69.667" errors="0" timestamp="2026-02-24T00:10:45 IST" skipped="0">
  <testcase classname="opportunities.OpportunitiesTest" name="OpportunitiesFillDetails" time="32.972">
    <system-out>
      <![CDATA[==execution Stearted ==OpportunitiesFillDetails]]>
    </system-out>
  </testcase> <!-- OpportunitiesFillDetails -->
  <testcase classname="opportunities.OpportunitiesTest" name="OpportunitiesDelete" time="36.695">
    <system-out>
      <![CDATA[==execution Stearted ==OpportunitiesDelete
JobSearch Opportunity Successfully Deleted]]>
    </system-out>
  </testcase> <!-- OpportunitiesDelete -->
  <system-out>
    <![CDATA[Report Config
==execution Stearted ==toCreateCampaignWithExpectedDateTest
test is executed
readdata executedSSharathTestCampaign
readdata executedSSharathTestCampaign
truetrue
truetrue
==execution Stearted ==fillCreateContactDetails
verified = Contacts
==execution Stearted ==fillCreateContactDetails
verified = Leads
==execution Stearted ==OpportunitiesFillDetails
==execution Stearted ==productFillDetails
==execution Stearted ==quoteFillDetails
==execution Stearted ==PurchaseOrderFillDetails
==execution Stearted ==SalesOrderFillDetails
==execution Stearted ==PurchaseOrderFillDetails
==execution Stearted ==createUser
==execution Stearted ==deleteUser
Sharathsdd User Successfully Deleted
==execution Stearted ==InvoiceOrderDelete
knnada Invoice Successfully Deleted
==execution Stearted ==SalesOrderDelete
knnada Sales-Order Successfully Deleted
==execution Stearted ==PurchaseOrderDelete
knnada Purchase-Order Successfully Deleted
==execution Stearted ==QuoteDelete
Knnada Quote Successfully Deleted
==execution Stearted ==productDelete
Selenium Product Successfully Deleted
==execution Stearted ==OpportunitiesDelete
JobSearch Opportunity Successfully Deleted
==execution Stearted ==deleteLeads
Sharath Lead Successfully Deleted
==execution Stearted ==deleteContact
SanuUU Contact Successfully Deleted
==execution Stearted ==campaignDelete
SSharathTestCampaign Campaign Successfully Deleted]]>
  </system-out>
</testsuite> <!-- opportunities.OpportunitiesTest -->
