<?xml version="1.0" encoding="UTF-8"?>
<!-- Generated by org.testng.reporters.JUnitReportReporter -->
<testsuite hostname="DESKTOP-DHSI56N" failures="0" tests="2" name="quotes.QuotesTest" time="65.671" errors="0" timestamp="2026-02-19T00:08:40 IST" skipped="0">
  <testcase classname="quotes.QuotesTest" name="quoteFillDetails" time="33.587"/>
  <testcase classname="quotes.QuotesTest" name="QuoteDelete" time="32.084">
    <system-out>
      <![CDATA[Knnada Quote Successfully Deleted]]>
    </system-out>
  </testcase> <!-- QuoteDelete -->
  <system-out>
    <![CDATA[test is executed
readdata executedBharathTestCampaign
readdata executedBharathTestCampaign
truetrue
truetrue
Campaign BharathTestCampaign Successfully Added
verified = Contacts
verified = Leads
Sharathsdd User Successfully Deleted
knnada Invoice Successfully Deleted
knnada Sales-Order Successfully Deleted
knnada Purchase-Order Successfully Deleted
Knnada Quote Successfully Deleted
Selenium Product Successfully Deleted
JobSearch Opportunity Successfully Deleted
Sharath Lead Successfully Deleted
SanuUU Contact Successfully Deleted
BharathTestCampaign Campaign Successfully Deleted]]>
  </system-out>
</testsuite> <!-- quotes.QuotesTest -->
