<?xml version="1.0" encoding="UTF-8"?>
<!-- Generated by org.testng.reporters.JUnitReportReporter -->
<testsuite hostname="DESKTOP-DHSI56N" failures="0" tests="2" name="Leads.LeadsCreation" time="0.000" errors="0" timestamp="2026-02-24T17:57:17 IST" skipped="2">
  <testcase classname="Leads.LeadsCreation" name="fillCreateContactDetails" time="0.000">
    <skipped/>
    <system-out>
      <![CDATA[==execution Skipped ==fillCreateContactDetails
==execution Stearted ==OpportunitiesFillDetails]]>
    </system-out>
  </testcase> <!-- fillCreateContactDetails -->
  <testcase classname="Leads.LeadsCreation" name="deleteLeads" time="0.000">
    <skipped/>
    <system-out>
      <![CDATA[==execution Skipped ==deleteLeads
==execution Stearted ==deleteContact]]>
    </system-out>
  </testcase> <!-- deleteLeads -->
  <system-out>
    <![CDATA[Report Config
==execution Stearted ==toCreateCampaignWithExpectedDateTest
test is executed
readdata executedSSharathTestCampaign
==execution Stearted ==fillCreateContactDetails
==execution Skipped ==fillCreateContactDetails
==execution Stearted ==fillCreateContactDetails
==execution Skipped ==fillCreateContactDetails
==execution Stearted ==OpportunitiesFillDetails
==execution Skipped ==OpportunitiesFillDetails
==execution Stearted ==productFillDetails
==execution Skipped ==productFillDetails
==execution Stearted ==quoteFillDetails
==execution Skipped ==quoteFillDetails
==execution Stearted ==PurchaseOrderFillDetails
==execution Skipped ==PurchaseOrderFillDetails
==execution Stearted ==SalesOrderFillDetails
==execution Skipped ==SalesOrderFillDetails
==execution Stearted ==PurchaseOrderFillDetails
==execution Skipped ==PurchaseOrderFillDetails
==execution Stearted ==createUser
==execution Skipped ==createUser
==execution Stearted ==deleteUser
==execution Skipped ==deleteUser
==execution Stearted ==InvoiceOrderDelete
==execution Skipped ==InvoiceOrderDelete
==execution Stearted ==SalesOrderDelete
==execution Skipped ==SalesOrderDelete
==execution Stearted ==PurchaseOrderDelete
==execution Skipped ==PurchaseOrderDelete
==execution Stearted ==QuoteDelete
==execution Skipped ==QuoteDelete
==execution Stearted ==productDelete
==execution Skipped ==productDelete
==execution Stearted ==OpportunitiesDelete
==execution Skipped ==OpportunitiesDelete
==execution Stearted ==deleteLeads
==execution Skipped ==deleteLeads
==execution Stearted ==deleteContact
==execution Skipped ==deleteContact
==execution Stearted ==campaignDelete
==execution Skipped ==campaignDelete]]>
  </system-out>
</testsuite> <!-- Leads.LeadsCreation -->
