<?xml version="1.0" encoding="UTF-8"?>
<!-- Generated by org.testng.reporters.JUnitReportReporter -->
<testsuite hostname="DESKTOP-DHSI56N" failures="0" tests="2" name="Contacts.ContactCreation" time="64.324" errors="0" timestamp="2026-02-19T00:08:40 IST" skipped="0">
  <testcase classname="Contacts.ContactCreation" name="fillCreateContactDetails" time="37.188">
    <system-out>
      <![CDATA[verified = Contacts]]>
    </system-out>
  </testcase> <!-- fillCreateContactDetails -->
  <testcase classname="Contacts.ContactCreation" name="deleteContact" time="27.136">
    <system-out>
      <![CDATA[SanuUU Contact Successfully Deleted]]>
    </system-out>
  </testcase> <!-- deleteContact -->
  <system-out>
    <![CDATA[test is executed
readdata executedBharathTestCampaign
readdata executedBharathTestCampaign
truetrue
truetrue
Campaign BharathTestCampaign Successfully Added
verified = Contacts
verified = Leads
Sharathsdd User Successfully Deleted
knnada Invoice Successfully Deleted
knnada Sales-Order Successfully Deleted
knnada Purchase-Order Successfully Deleted
Knnada Quote Successfully Deleted
Selenium Product Successfully Deleted
JobSearch Opportunity Successfully Deleted
Sharath Lead Successfully Deleted
SanuUU Contact Successfully Deleted
BharathTestCampaign Campaign Successfully Deleted]]>
  </system-out>
</testsuite> <!-- Contacts.ContactCreation -->
