<?xml version="1.0" encoding="UTF-8"?>
<!-- Generated by org.testng.reporters.JUnitReportReporter -->
<testsuite hostname="DESKTOP-DHSI56N" failures="0" tests="2" name="products.ProductsTest" time="49.484" errors="0" timestamp="2026-02-19T00:08:40 IST" skipped="0">
  <testcase classname="products.ProductsTest" name="productFillDetails" time="26.092"/>
  <testcase classname="products.ProductsTest" name="productDelete" time="23.392">
    <system-out>
      <![CDATA[Selenium Product Successfully Deleted]]>
    </system-out>
  </testcase> <!-- productDelete -->
  <system-out>
    <![CDATA[test is executed
readdata executedBharathTestCampaign
readdata executedBharathTestCampaign
truetrue
truetrue
Campaign BharathTestCampaign Successfully Added
verified = Contacts
verified = Leads
Sharathsdd User Successfully Deleted
knnada Invoice Successfully Deleted
knnada Sales-Order Successfully Deleted
knnada Purchase-Order Successfully Deleted
Knnada Quote Successfully Deleted
Selenium Product Successfully Deleted
JobSearch Opportunity Successfully Deleted
Sharath Lead Successfully Deleted
SanuUU Contact Successfully Deleted
BharathTestCampaign Campaign Successfully Deleted]]>
  </system-out>
</testsuite> <!-- products.ProductsTest -->
