<?xml version="1.0" encoding="UTF-8"?>
<!-- Generated by org.testng.reporters.JUnitReportReporter -->
<testsuite hostname="DESKTOP-DHSI56N" failures="0" tests="1" name="DeleteCamapaignModule.DeteleCampaignTc002" time="32.276" errors="0" timestamp="2026-02-26T01:29:36 IST" skipped="0">
  <testcase classname="DeleteCamapaignModule.DeteleCampaignTc002" name="campaignDelete" time="32.276">
    <system-out>
      <![CDATA[==execution Stearted ==campaignDelete
SDSharathTestCampaig Campaign Successfully Deleted]]>
    </system-out>
  </testcase> <!-- campaignDelete -->
  <system-out>
    <![CDATA[Report Config
==execution Stearted ==toCreateCampaignWithExpectedDateTest
test is executed
readdata executedSDSharathTestCampaig
readdata executedSDSharathTestCampaig
truetrue
truetrue
==execution Stearted ==fillCreateContactDetails
verified = Contacts
verified contact btn top icon = Contacts
==execution Stearted ==fillCreateContactDetails
verified = Leads
==execution Stearted ==OpportunitiesFillDetails
==execution Stearted ==productFillDetails
==execution Stearted ==quoteFillDetails
==execution Stearted ==PurchaseOrderFillDetails
==execution Stearted ==SalesOrderFillDetails
==execution Stearted ==PurchaseOrderFillDetails
==execution Stearted ==createUser
==execution Stearted ==deleteUser
Sharathsdd User Successfully Deleted
==execution Stearted ==InvoiceOrderDelete
knnada Invoice Successfully Deleted
==execution Stearted ==SalesOrderDelete
knnada Sales-Order Successfully Deleted
==execution Stearted ==PurchaseOrderDelete
knnada Purchase-Order Successfully Deleted
==execution Stearted ==QuoteDelete
Knnada Quote Successfully Deleted
==execution Stearted ==productDelete
Selenium Product Successfully Deleted
==execution Stearted ==OpportunitiesDelete
JobSearch Opportunity Successfully Deleted
==execution Stearted ==deleteLeads
Sharath Lead Successfully Deleted
==execution Stearted ==deleteContact
SanuUU Contact Successfully Deleted
==execution Stearted ==campaignDelete
SDSharathTestCampaig Campaign Successfully Deleted]]>
  </system-out>
</testsuite> <!-- DeleteCamapaignModule.DeteleCampaignTc002 -->
