<?xml version="1.0" encoding="UTF-8"?>
<!-- Generated by org.testng.reporters.JUnitReportReporter -->
<testsuite hostname="DESKTOP-DHSI56N" failures="0" tests="2" name="adminConsole.AdminConsoleTest" time="45.323" errors="0" timestamp="2026-02-19T00:08:40 IST" skipped="0">
  <testcase classname="adminConsole.AdminConsoleTest" name="createUser" time="18.734"/>
  <testcase classname="adminConsole.AdminConsoleTest" name="deleteUser" time="26.589">
    <system-out>
      <![CDATA[Sharathsdd User Successfully Deleted]]>
    </system-out>
  </testcase> <!-- deleteUser -->
  <system-out>
    <![CDATA[test is executed
readdata executedBharathTestCampaign
readdata executedBharathTestCampaign
truetrue
truetrue
Campaign BharathTestCampaign Successfully Added
verified = Contacts
verified = Leads
Sharathsdd User Successfully Deleted
knnada Invoice Successfully Deleted
knnada Sales-Order Successfully Deleted
knnada Purchase-Order Successfully Deleted
Knnada Quote Successfully Deleted
Selenium Product Successfully Deleted
JobSearch Opportunity Successfully Deleted
Sharath Lead Successfully Deleted
SanuUU Contact Successfully Deleted
BharathTestCampaign Campaign Successfully Deleted]]>
  </system-out>
</testsuite> <!-- adminConsole.AdminConsoleTest -->
