<?xml version="1.0" encoding="UTF-8"?>
<!-- Generated by org.testng.reporters.JUnitReportReporter -->
<testsuite hostname="DESKTOP-DHSI56N" failures="0" tests="2" name="Leads.LeadsCreation" time="68.398" errors="0" timestamp="2026-02-24T00:10:45 IST" skipped="0">
  <testcase classname="Leads.LeadsCreation" name="fillCreateContactDetails" time="43.536">
    <system-out>
      <![CDATA[==execution Stearted ==fillCreateContactDetails
verified = Leads]]>
    </system-out>
  </testcase> <!-- fillCreateContactDetails -->
  <testcase classname="Leads.LeadsCreation" name="deleteLeads" time="24.862">
    <system-out>
      <![CDATA[==execution Stearted ==deleteLeads
Sharath Lead Successfully Deleted]]>
    </system-out>
  </testcase> <!-- deleteLeads -->
  <system-out>
    <![CDATA[Report Config
==execution Stearted ==toCreateCampaignWithExpectedDateTest
test is executed
readdata executedSSharathTestCampaign
readdata executedSSharathTestCampaign
truetrue
truetrue
==execution Stearted ==fillCreateContactDetails
verified = Contacts
==execution Stearted ==fillCreateContactDetails
verified = Leads
==execution Stearted ==OpportunitiesFillDetails
==execution Stearted ==productFillDetails
==execution Stearted ==quoteFillDetails
==execution Stearted ==PurchaseOrderFillDetails
==execution Stearted ==SalesOrderFillDetails
==execution Stearted ==PurchaseOrderFillDetails
==execution Stearted ==createUser
==execution Stearted ==deleteUser
Sharathsdd User Successfully Deleted
==execution Stearted ==InvoiceOrderDelete
knnada Invoice Successfully Deleted
==execution Stearted ==SalesOrderDelete
knnada Sales-Order Successfully Deleted
==execution Stearted ==PurchaseOrderDelete
knnada Purchase-Order Successfully Deleted
==execution Stearted ==QuoteDelete
Knnada Quote Successfully Deleted
==execution Stearted ==productDelete
Selenium Product Successfully Deleted
==execution Stearted ==OpportunitiesDelete
JobSearch Opportunity Successfully Deleted
==execution Stearted ==deleteLeads
Sharath Lead Successfully Deleted
==execution Stearted ==deleteContact
SanuUU Contact Successfully Deleted
==execution Stearted ==campaignDelete
SSharathTestCampaign Campaign Successfully Deleted]]>
  </system-out>
</testsuite> <!-- Leads.LeadsCreation -->
